<?xml version="1.0" encoding="utf-8"?><testsuites name="pytest tests"><testsuite name="pytest" errors="0" failures="0" skipped="0" tests="30" time="3.771" timestamp="2026-02-28T17:53:52.118967+00:00" hostname="agent-env-04be45bd-e6dd-4336-b2b8-b54cf9cfaffd"><testcase classname="backend.tests.test_skroutz_api.TestHealthAndStatus" name="test_api_root_health" time="0.129" /><testcase classname="backend.tests.test_skroutz_api.TestHealthAndStatus" name="test_upload_status_endpoint" time="0.121" /><testcase classname="backend.tests.test_skroutz_api.TestProductSearch" name="test_search_by_name" time="0.117" /><testcase classname="backend.tests.test_skroutz_api.TestProductSearch" name="test_search_by_ean_barcode" time="0.111" /><testcase classname="backend.tests.test_skroutz_api.TestProductSearch" name="test_search_by_uid" time="0.106" /><testcase classname="backend.tests.test_skroutz_api.TestProductSearch" name="test_search_minimum_length" time="0.108" /><testcase classname="backend.tests.test_skroutz_api.TestProductSearch" name="test_search_no_results" time="0.118" /><testcase classname="backend.tests.test_skroutz_api.TestProductLookup" name="test_get_product_by_uid" time="0.130" /><testcase classname="backend.tests.test_skroutz_api.TestProductLookup" name="test_get_product_not_found" time="0.105" /><testcase classname="backend.tests.test_skroutz_api.TestPriceCalculation" name="test_calculate_fbs_price_with_known_values" time="0.113" /><testcase classname="backend.tests.test_skroutz_api.TestPriceCalculation" name="test_calculate_marketplace_price" time="0.118" /><testcase classname="backend.tests.test_skroutz_api.TestPriceCalculation" name="test_calculate_with_different_vat_rates" time="0.314" /><testcase classname="backend.tests.test_skroutz_api.TestPriceCalculation" name="test_calculate_with_management_cost" time="0.105" /><testcase classname="backend.tests.test_skroutz_api.TestPriceCalculation" name="test_calculate_product_not_found" time="0.105" /><testcase classname="backend.tests.test_skroutz_api.TestPriceCalculation" name="test_calculate_with_zero_profit" time="0.117" /><testcase classname="backend.tests.test_skroutz_api.TestFileUpload" name="test_upload_endpoint_exists_report_listed" time="0.106" /><testcase classname="backend.tests.test_skroutz_api.TestFileUpload" name="test_upload_endpoint_exists_fbs_products" time="0.107" /><testcase classname="backend.tests.test_skroutz_api.TestProductsAll" name="test_get_all_products_returns_list" time="0.141" /><testcase classname="backend.tests.test_skroutz_api.TestProductsAll" name="test_get_all_products_sorted_alphabetically" time="0.162" /><testcase classname="backend.tests.test_skroutz_api.TestProductsAll" name="test_get_all_products_has_required_fields" time="0.131" /><testcase classname="backend.tests.test_skroutz_api.TestReverseCalculate" name="test_reverse_calculate_positive_profit" time="0.112" /><testcase classname="backend.tests.test_skroutz_api.TestReverseCalculate" name="test_reverse_calculate_negative_profit" time="0.109" /><testcase classname="backend.tests.test_skroutz_api.TestReverseCalculate" name="test_reverse_calculate_formula_accuracy" time="0.098" /><testcase classname="backend.tests.test_skroutz_api.TestBulkCalculate" name="test_bulk_calculate_multiple_products" time="0.105" /><testcase classname="backend.tests.test_skroutz_api.TestBulkCalculate" name="test_bulk_calculate_with_nonexistent_product" time="0.102" /><testcase classname="backend.tests.test_skroutz_api.TestBulkCalculate" name="test_bulk_calculate_empty_list" time="0.102" /><testcase classname="backend.tests.test_skroutz_api.TestExportExcel" name="test_export_excel_returns_file" time="0.124" /><testcase classname="backend.tests.test_skroutz_api.TestExportExcel" name="test_export_excel_with_multiple_products" time="0.165" /><testcase classname="backend.tests.test_skroutz_api.TestQuickCalculator" name="test_quick_calculate_with_defaults" time="0.114" /><testcase classname="backend.tests.test_skroutz_api.TestQuickCalculator" name="test_quick_calculate_with_overrides" time="0.114" /></testsuite></testsuites>