<?xml version="1.0" encoding="utf-8"?><testsuites name="pytest tests"><testsuite name="pytest" errors="0" failures="0" skipped="0" tests="36" time="5.835" timestamp="2026-02-28T18:59:38.109140+00:00" hostname="agent-env-e989d8cd-e154-4d27-8f28-3475ca7f5fcd"><testcase classname="backend.tests.test_skroutz_api.TestHealthAndStatus" name="test_api_root_health" time="0.172" /><testcase classname="backend.tests.test_skroutz_api.TestHealthAndStatus" name="test_upload_status_endpoint" time="0.191" /><testcase classname="backend.tests.test_skroutz_api.TestProductSearch" name="test_search_by_name" time="0.175" /><testcase classname="backend.tests.test_skroutz_api.TestProductSearch" name="test_search_by_ean_barcode" time="0.148" /><testcase classname="backend.tests.test_skroutz_api.TestProductSearch" name="test_search_by_uid" time="0.131" /><testcase classname="backend.tests.test_skroutz_api.TestProductSearch" name="test_search_minimum_length" time="0.123" /><testcase classname="backend.tests.test_skroutz_api.TestProductSearch" name="test_search_no_results" time="0.168" /><testcase classname="backend.tests.test_skroutz_api.TestProductLookup" name="test_get_product_by_uid" time="0.180" /><testcase classname="backend.tests.test_skroutz_api.TestProductLookup" name="test_get_product_not_found" time="0.146" /><testcase classname="backend.tests.test_skroutz_api.TestPriceCalculation" name="test_calculate_fbs_price_with_known_values" time="0.137" /><testcase classname="backend.tests.test_skroutz_api.TestPriceCalculation" name="test_calculate_marketplace_price" time="0.108" /><testcase classname="backend.tests.test_skroutz_api.TestPriceCalculation" name="test_calculate_with_different_vat_rates" time="0.439" /><testcase classname="backend.tests.test_skroutz_api.TestPriceCalculation" name="test_calculate_with_management_cost" time="0.119" /><testcase classname="backend.tests.test_skroutz_api.TestPriceCalculation" name="test_calculate_product_not_found" time="0.112" /><testcase classname="backend.tests.test_skroutz_api.TestPriceCalculation" name="test_calculate_with_zero_profit" time="0.113" /><testcase classname="backend.tests.test_skroutz_api.TestFileUpload" name="test_upload_endpoint_exists_report_listed" time="0.149" /><testcase classname="backend.tests.test_skroutz_api.TestFileUpload" name="test_upload_endpoint_exists_fbs_products" time="0.155" /><testcase classname="backend.tests.test_skroutz_api.TestFileUpload" name="test_upload_endpoint_exists_wholesale" time="0.143" /><testcase classname="backend.tests.test_skroutz_api.TestProductsAll" name="test_get_all_products_returns_list" time="0.143" /><testcase classname="backend.tests.test_skroutz_api.TestProductsAll" name="test_get_all_products_sorted_alphabetically" time="0.191" /><testcase classname="backend.tests.test_skroutz_api.TestProductsAll" name="test_get_all_products_has_required_fields" time="0.151" /><testcase classname="backend.tests.test_skroutz_api.TestReverseCalculate" name="test_reverse_calculate_positive_profit" time="0.164" /><testcase classname="backend.tests.test_skroutz_api.TestReverseCalculate" name="test_reverse_calculate_negative_profit" time="0.118" /><testcase classname="backend.tests.test_skroutz_api.TestReverseCalculate" name="test_reverse_calculate_formula_accuracy" time="0.154" /><testcase classname="backend.tests.test_skroutz_api.TestBulkCalculate" name="test_bulk_calculate_multiple_products" time="0.115" /><testcase classname="backend.tests.test_skroutz_api.TestBulkCalculate" name="test_bulk_calculate_with_nonexistent_product" time="0.148" /><testcase classname="backend.tests.test_skroutz_api.TestBulkCalculate" name="test_bulk_calculate_empty_list" time="0.127" /><testcase classname="backend.tests.test_skroutz_api.TestExportExcel" name="test_export_excel_returns_file" time="0.156" /><testcase classname="backend.tests.test_skroutz_api.TestExportExcel" name="test_export_excel_with_multiple_products" time="0.126" /><testcase classname="backend.tests.test_skroutz_api.TestQuickCalculator" name="test_quick_calculate_with_defaults" time="0.125" /><testcase classname="backend.tests.test_skroutz_api.TestQuickCalculator" name="test_quick_calculate_with_overrides" time="0.121" /><testcase classname="backend.tests.test_skroutz_api.TestWholesalePricing" name="test_products_with_wholesale_prices_exist" time="0.182" /><testcase classname="backend.tests.test_skroutz_api.TestWholesalePricing" name="test_wholesale_price_value_is_reasonable" time="0.151" /><testcase classname="backend.tests.test_skroutz_api.TestWholesalePricing" name="test_upload_status_wholesale_count_matches_products" time="0.320" /><testcase classname="backend.tests.test_skroutz_api.TestWholesalePricing" name="test_specific_product_has_wholesale_price" time="0.109" /><testcase classname="backend.tests.test_skroutz_api.TestWholesalePricing" name="test_calculate_with_saved_wholesale_price" time="0.135" /></testsuite></testsuites>