<?xml version="1.0" encoding="utf-8"?><testsuites name="pytest tests"><testsuite name="pytest" errors="0" failures="0" skipped="0" tests="17" time="2.814" timestamp="2026-02-27T20:37:13.939731+00:00" hostname="agent-env-04be45bd-e6dd-4336-b2b8-b54cf9cfaffd"><testcase classname="backend.tests.test_skroutz_api.TestHealthAndStatus" name="test_api_root_health" time="0.296" /><testcase classname="backend.tests.test_skroutz_api.TestHealthAndStatus" name="test_upload_status_endpoint" time="0.166" /><testcase classname="backend.tests.test_skroutz_api.TestProductSearch" name="test_search_by_name" time="0.130" /><testcase classname="backend.tests.test_skroutz_api.TestProductSearch" name="test_search_by_ean_barcode" time="0.130" /><testcase classname="backend.tests.test_skroutz_api.TestProductSearch" name="test_search_by_uid" time="0.144" /><testcase classname="backend.tests.test_skroutz_api.TestProductSearch" name="test_search_minimum_length" time="0.190" /><testcase classname="backend.tests.test_skroutz_api.TestProductSearch" name="test_search_no_results" time="0.128" /><testcase classname="backend.tests.test_skroutz_api.TestProductLookup" name="test_get_product_by_uid" time="0.114" /><testcase classname="backend.tests.test_skroutz_api.TestProductLookup" name="test_get_product_not_found" time="0.133" /><testcase classname="backend.tests.test_skroutz_api.TestPriceCalculation" name="test_calculate_fbs_price_with_known_values" time="0.107" /><testcase classname="backend.tests.test_skroutz_api.TestPriceCalculation" name="test_calculate_marketplace_price" time="0.131" /><testcase classname="backend.tests.test_skroutz_api.TestPriceCalculation" name="test_calculate_with_different_vat_rates" time="0.381" /><testcase classname="backend.tests.test_skroutz_api.TestPriceCalculation" name="test_calculate_with_management_cost" time="0.113" /><testcase classname="backend.tests.test_skroutz_api.TestPriceCalculation" name="test_calculate_product_not_found" time="0.139" /><testcase classname="backend.tests.test_skroutz_api.TestPriceCalculation" name="test_calculate_with_zero_profit" time="0.126" /><testcase classname="backend.tests.test_skroutz_api.TestFileUpload" name="test_upload_endpoint_exists_report_listed" time="0.127" /><testcase classname="backend.tests.test_skroutz_api.TestFileUpload" name="test_upload_endpoint_exists_fbs_products" time="0.125" /></testsuite></testsuites>