<?xml version="1.0" encoding="utf-8"?><testsuites name="pytest tests"><testsuite name="pytest" errors="0" failures="0" skipped="0" tests="46" time="61.659" timestamp="2026-03-03T12:11:14.500775+00:00" hostname="agent-env-e989d8cd-e154-4d27-8f28-3475ca7f5fcd"><testcase classname="backend.tests.test_skroutz_api.TestHealthAndStatus" name="test_api_root_health" time="0.153" /><testcase classname="backend.tests.test_skroutz_api.TestHealthAndStatus" name="test_upload_status_endpoint" time="0.112" /><testcase classname="backend.tests.test_skroutz_api.TestProductSearch" name="test_search_by_name" time="0.108" /><testcase classname="backend.tests.test_skroutz_api.TestProductSearch" name="test_search_by_ean_barcode" time="0.120" /><testcase classname="backend.tests.test_skroutz_api.TestProductSearch" name="test_search_by_uid" time="0.112" /><testcase classname="backend.tests.test_skroutz_api.TestProductSearch" name="test_search_minimum_length" time="0.099" /><testcase classname="backend.tests.test_skroutz_api.TestProductSearch" name="test_search_no_results" time="0.105" /><testcase classname="backend.tests.test_skroutz_api.TestProductLookup" name="test_get_product_by_uid" time="0.103" /><testcase classname="backend.tests.test_skroutz_api.TestProductLookup" name="test_get_product_not_found" time="0.114" /><testcase classname="backend.tests.test_skroutz_api.TestPriceCalculation" name="test_calculate_fbs_price_with_known_values" time="0.122" /><testcase classname="backend.tests.test_skroutz_api.TestPriceCalculation" name="test_calculate_marketplace_price" time="0.131" /><testcase classname="backend.tests.test_skroutz_api.TestPriceCalculation" name="test_calculate_with_different_vat_rates" time="0.311" /><testcase classname="backend.tests.test_skroutz_api.TestPriceCalculation" name="test_calculate_with_management_cost" time="0.102" /><testcase classname="backend.tests.test_skroutz_api.TestPriceCalculation" name="test_calculate_product_not_found" time="0.106" /><testcase classname="backend.tests.test_skroutz_api.TestPriceCalculation" name="test_calculate_with_zero_profit" time="0.103" /><testcase classname="backend.tests.test_skroutz_api.TestFileUpload" name="test_upload_endpoint_exists_report_listed" time="0.104" /><testcase classname="backend.tests.test_skroutz_api.TestFileUpload" name="test_upload_endpoint_exists_fbs_products" time="0.130" /><testcase classname="backend.tests.test_skroutz_api.TestFileUpload" name="test_upload_endpoint_exists_wholesale" time="0.096" /><testcase classname="backend.tests.test_skroutz_api.TestProductsAll" name="test_get_all_products_returns_list" time="0.138" /><testcase classname="backend.tests.test_skroutz_api.TestProductsAll" name="test_get_all_products_sorted_alphabetically" time="0.169" /><testcase classname="backend.tests.test_skroutz_api.TestProductsAll" name="test_get_all_products_has_required_fields" time="0.127" /><testcase classname="backend.tests.test_skroutz_api.TestReverseCalculate" name="test_reverse_calculate_positive_profit" time="0.112" /><testcase classname="backend.tests.test_skroutz_api.TestReverseCalculate" name="test_reverse_calculate_negative_profit" time="0.099" /><testcase classname="backend.tests.test_skroutz_api.TestReverseCalculate" name="test_reverse_calculate_formula_accuracy" time="0.112" /><testcase classname="backend.tests.test_skroutz_api.TestBulkCalculate" name="test_bulk_calculate_multiple_products" time="0.130" /><testcase classname="backend.tests.test_skroutz_api.TestBulkCalculate" name="test_bulk_calculate_with_nonexistent_product" time="0.111" /><testcase classname="backend.tests.test_skroutz_api.TestBulkCalculate" name="test_bulk_calculate_empty_list" time="0.101" /><testcase classname="backend.tests.test_skroutz_api.TestExportExcel" name="test_export_excel_returns_file" time="0.119" /><testcase classname="backend.tests.test_skroutz_api.TestExportExcel" name="test_export_excel_with_multiple_products" time="0.105" /><testcase classname="backend.tests.test_skroutz_api.TestQuickCalculator" name="test_quick_calculate_with_defaults" time="0.118" /><testcase classname="backend.tests.test_skroutz_api.TestQuickCalculator" name="test_quick_calculate_with_overrides" time="0.094" /><testcase classname="backend.tests.test_skroutz_api.TestWholesalePricing" name="test_products_with_wholesale_prices_exist" time="0.126" /><testcase classname="backend.tests.test_skroutz_api.TestWholesalePricing" name="test_wholesale_price_value_is_reasonable" time="0.138" /><testcase classname="backend.tests.test_skroutz_api.TestWholesalePricing" name="test_upload_status_wholesale_count_matches_products" time="0.234" /><testcase classname="backend.tests.test_skroutz_api.TestWholesalePricing" name="test_specific_product_has_wholesale_price" time="0.107" /><testcase classname="backend.tests.test_skroutz_api.TestWholesalePricing" name="test_calculate_with_saved_wholesale_price" time="0.100" /><testcase classname="backend.tests.test_skroutz_api.TestProfitCalculatorUploadOrders" name="test_upload_orders_excel" time="0.143" /><testcase classname="backend.tests.test_skroutz_api.TestProfitCalculatorUploadOrders" name="test_upload_orders_returns_correct_fields" time="0.132" /><testcase classname="backend.tests.test_skroutz_api.TestProfitCalculatorUploadOrders" name="test_upload_orders_price_mismatch_detection" time="0.141" /><testcase classname="backend.tests.test_skroutz_api.TestProfitCalculatorUploadOrders" name="test_upload_orders_cancelled_excluded" time="0.141" /><testcase classname="backend.tests.test_skroutz_api.TestProfitCalculatorUploadOrders" name="test_upload_orders_invalid_file_returns_error" time="36.328" /><testcase classname="backend.tests.test_skroutz_api.TestProfitCalculatorManualEntry" name="test_manual_profit_valid_eans" time="0.137" /><testcase classname="backend.tests.test_skroutz_api.TestProfitCalculatorManualEntry" name="test_manual_profit_invalid_ean" time="0.117" /><testcase classname="backend.tests.test_skroutz_api.TestProfitCalculatorManualEntry" name="test_manual_profit_mixed_valid_invalid" time="19.631" /><testcase classname="backend.tests.test_skroutz_api.TestProfitCalculatorManualEntry" name="test_manual_profit_empty_array" time="0.121" /><testcase classname="backend.tests.test_skroutz_api.TestProfitCalculatorManualEntry" name="test_manual_profit_quantity_affects_total" time="0.221" /></testsuite></testsuites>