<?xml version="1.0" encoding="utf-8"?><testsuites name="pytest tests"><testsuite name="pytest" errors="0" failures="1" skipped="0" tests="30" time="4.281" timestamp="2026-02-28T17:53:22.166666+00:00" hostname="agent-env-04be45bd-e6dd-4336-b2b8-b54cf9cfaffd"><testcase classname="backend.tests.test_skroutz_api.TestHealthAndStatus" name="test_api_root_health" time="0.204" /><testcase classname="backend.tests.test_skroutz_api.TestHealthAndStatus" name="test_upload_status_endpoint" time="0.117" /><testcase classname="backend.tests.test_skroutz_api.TestProductSearch" name="test_search_by_name" time="0.151" /><testcase classname="backend.tests.test_skroutz_api.TestProductSearch" name="test_search_by_ean_barcode" time="0.137" /><testcase classname="backend.tests.test_skroutz_api.TestProductSearch" name="test_search_by_uid" time="0.121" /><testcase classname="backend.tests.test_skroutz_api.TestProductSearch" name="test_search_minimum_length" time="0.150" /><testcase classname="backend.tests.test_skroutz_api.TestProductSearch" name="test_search_no_results" time="0.126" /><testcase classname="backend.tests.test_skroutz_api.TestProductLookup" name="test_get_product_by_uid" time="0.113" /><testcase classname="backend.tests.test_skroutz_api.TestProductLookup" name="test_get_product_not_found" time="0.125" /><testcase classname="backend.tests.test_skroutz_api.TestPriceCalculation" name="test_calculate_fbs_price_with_known_values" time="0.107" /><testcase classname="backend.tests.test_skroutz_api.TestPriceCalculation" name="test_calculate_marketplace_price" time="0.103" /><testcase classname="backend.tests.test_skroutz_api.TestPriceCalculation" name="test_calculate_with_different_vat_rates" time="0.346" /><testcase classname="backend.tests.test_skroutz_api.TestPriceCalculation" name="test_calculate_with_management_cost" time="0.133" /><testcase classname="backend.tests.test_skroutz_api.TestPriceCalculation" name="test_calculate_product_not_found" time="0.112" /><testcase classname="backend.tests.test_skroutz_api.TestPriceCalculation" name="test_calculate_with_zero_profit" time="0.108" /><testcase classname="backend.tests.test_skroutz_api.TestFileUpload" name="test_upload_endpoint_exists_report_listed" time="0.172" /><testcase classname="backend.tests.test_skroutz_api.TestFileUpload" name="test_upload_endpoint_exists_fbs_products" time="0.115" /><testcase classname="backend.tests.test_skroutz_api.TestProductsAll" name="test_get_all_products_returns_list" time="0.164" /><testcase classname="backend.tests.test_skroutz_api.TestProductsAll" name="test_get_all_products_sorted_alphabetically" time="0.212"><failure message="AssertionError: Products not sorted: AM Health Πρόπολη 30ml &gt; Activo Activiol με Προβιοτικά και Πρεβιοτικά 10 κάψουλες&#10;assert 'am health πρόπολη 30ml' &lt;= 'activo activiol με προβιοτικά και πρεβιοτικά 10 κάψουλες'&#10; +  where 'am health πρόπολη 30ml' = &lt;built-in method lower of str object at 0xfc6b45953830&gt;()&#10; +    where &lt;built-in method lower of str object at 0xfc6b45953830&gt; = 'AM Health Πρόπολη 30ml'.lower&#10; +  and   'activo activiol με προβιοτικά και πρεβιοτικά 10 κάψουλες' = &lt;built-in method lower of str object at 0xfc6b45b376f0&gt;()&#10; +    where &lt;built-in method lower of str object at 0xfc6b45b376f0&gt; = 'Activo Activiol με Προβιοτικά και Πρεβιοτικά 10 κάψουλες'.lower">backend/tests/test_skroutz_api.py:336: in test_get_all_products_sorted_alphabetically
    assert names[i-1].lower() &lt;= names[i].lower(), f"Products not sorted: {names[i-1]} &gt; {names[i]}"
E   AssertionError: Products not sorted: AM Health Πρόπολη 30ml &gt; Activo Activiol με Προβιοτικά και Πρεβιοτικά 10 κάψουλες
E   assert 'am health πρόπολη 30ml' &lt;= 'activo activiol με προβιοτικά και πρεβιοτικά 10 κάψουλες'
E    +  where 'am health πρόπολη 30ml' = &lt;built-in method lower of str object at 0xfc6b45953830&gt;()
E    +    where &lt;built-in method lower of str object at 0xfc6b45953830&gt; = 'AM Health Πρόπολη 30ml'.lower
E    +  and   'activo activiol με προβιοτικά και πρεβιοτικά 10 κάψουλες' = &lt;built-in method lower of str object at 0xfc6b45b376f0&gt;()
E    +    where &lt;built-in method lower of str object at 0xfc6b45b376f0&gt; = 'Activo Activiol με Προβιοτικά και Πρεβιοτικά 10 κάψουλες'.lower</failure></testcase><testcase classname="backend.tests.test_skroutz_api.TestProductsAll" name="test_get_all_products_has_required_fields" time="0.194" /><testcase classname="backend.tests.test_skroutz_api.TestReverseCalculate" name="test_reverse_calculate_positive_profit" time="0.106" /><testcase classname="backend.tests.test_skroutz_api.TestReverseCalculate" name="test_reverse_calculate_negative_profit" time="0.117" /><testcase classname="backend.tests.test_skroutz_api.TestReverseCalculate" name="test_reverse_calculate_formula_accuracy" time="0.102" /><testcase classname="backend.tests.test_skroutz_api.TestBulkCalculate" name="test_bulk_calculate_multiple_products" time="0.109" /><testcase classname="backend.tests.test_skroutz_api.TestBulkCalculate" name="test_bulk_calculate_with_nonexistent_product" time="0.102" /><testcase classname="backend.tests.test_skroutz_api.TestBulkCalculate" name="test_bulk_calculate_empty_list" time="0.114" /><testcase classname="backend.tests.test_skroutz_api.TestExportExcel" name="test_export_excel_returns_file" time="0.117" /><testcase classname="backend.tests.test_skroutz_api.TestExportExcel" name="test_export_excel_with_multiple_products" time="0.114" /><testcase classname="backend.tests.test_skroutz_api.TestQuickCalculator" name="test_quick_calculate_with_defaults" time="0.114" /><testcase classname="backend.tests.test_skroutz_api.TestQuickCalculator" name="test_quick_calculate_with_overrides" time="0.103" /></testsuite></testsuites>